<?xml version="1.0" encoding="UTF-8"?>
<testng-results skipped="0" failed="0" ignored="0" total="1" passed="1">
  <reporter-output>
  </reporter-output>
  <suite name="Default suite" duration-ms="8435" started-at="2018-12-17T12:41:07Z" finished-at="2018-12-17T12:41:15Z">
    <groups>
    </groups>
    <test name="Default test" duration-ms="8435" started-at="2018-12-17T12:41:07Z" finished-at="2018-12-17T12:41:15Z">
      <class name="com.grid.c">
        <test-method status="PASS" signature="aa()[pri:0, instance:com.grid.c@7a1ebcd8]" name="aa" duration-ms="8405" started-at="2018-12-17T12:41:07Z" finished-at="2018-12-17T12:41:15Z">
          <reporter-output>
          </reporter-output>
        </test-method> <!-- aa -->
      </class> <!-- com.grid.c -->
    </test> <!-- Default test -->
  </suite> <!-- Default suite -->
</testng-results>
