<?xml version="1.0" encoding="UTF-8"?>
<testng-results skipped="0" failed="0" ignored="0" total="6" passed="6">
  <reporter-output>
  </reporter-output>
  <suite name="Suite" duration-ms="20265" started-at="2018-12-19T12:03:52Z" finished-at="2018-12-19T12:04:12Z">
    <groups>
    </groups>
    <test name="LoginTest" duration-ms="20265" started-at="2018-12-19T12:03:52Z" finished-at="2018-12-19T12:04:12Z">
      <class name="com.bank.selenium.A">
        <test-method status="PASS" signature="setUp(java.lang.String)[pri:0, instance:com.bank.selenium.A@78ac1102]" name="setUp" is-config="true" duration-ms="7635" started-at="2018-12-19T12:03:52Z" finished-at="2018-12-19T12:03:59Z">
          <params>
            <param index="0">
              <value>
                <![CDATA[Chrome]]>
              </value>
            </param>
          </params>
          <reporter-output>
          </reporter-output>
        </test-method> <!-- setUp -->
        <test-method status="PASS" signature="login()[pri:1, instance:com.bank.selenium.A@78ac1102]" name="login" duration-ms="5579" started-at="2018-12-19T12:03:59Z" finished-at="2018-12-19T12:04:05Z">
          <reporter-output>
          </reporter-output>
        </test-method> <!-- login -->
        <test-method status="PASS" signature="aaaa(java.lang.String, java.lang.String)[pri:2, instance:com.bank.selenium.A@78ac1102]" name="aaaa" duration-ms="660" started-at="2018-12-19T12:04:05Z" data-provider="testzxc" finished-at="2018-12-19T12:04:06Z">
          <params>
            <param index="0">
              <value>
                <![CDATA[555]]>
              </value>
            </param>
            <param index="1">
              <value>
                <![CDATA[55555]]>
              </value>
            </param>
          </params>
          <reporter-output>
          </reporter-output>
        </test-method> <!-- aaaa -->
        <test-method status="PASS" signature="aaaa(java.lang.String, java.lang.String)[pri:2, instance:com.bank.selenium.A@78ac1102]" name="aaaa" duration-ms="3294" started-at="2018-12-19T12:04:06Z" data-provider="testzxc" finished-at="2018-12-19T12:04:09Z">
          <params>
            <param index="0">
              <value>
                <![CDATA[5555]]>
              </value>
            </param>
            <param index="1">
              <value>
                <![CDATA[55565]]>
              </value>
            </param>
          </params>
          <reporter-output>
          </reporter-output>
        </test-method> <!-- aaaa -->
        <test-method status="PASS" signature="aaaa(java.lang.String, java.lang.String)[pri:2, instance:com.bank.selenium.A@78ac1102]" name="aaaa" duration-ms="1806" started-at="2018-12-19T12:04:09Z" data-provider="testzxc" finished-at="2018-12-19T12:04:11Z">
          <params>
            <param index="0">
              <value>
                <![CDATA[sssss]]>
              </value>
            </param>
            <param index="1">
              <value>
                <![CDATA[rfrr]]>
              </value>
            </param>
          </params>
          <reporter-output>
          </reporter-output>
        </test-method> <!-- aaaa -->
        <test-method status="PASS" signature="aaaa(java.lang.String, java.lang.String)[pri:2, instance:com.bank.selenium.A@78ac1102]" name="aaaa" duration-ms="339" started-at="2018-12-19T12:04:11Z" data-provider="testzxc" finished-at="2018-12-19T12:04:11Z">
          <params>
            <param index="0">
              <value>
                <![CDATA[ddff]]>
              </value>
            </param>
            <param index="1">
              <value>
                <![CDATA[gggg]]>
              </value>
            </param>
          </params>
          <reporter-output>
          </reporter-output>
        </test-method> <!-- aaaa -->
        <test-method status="PASS" signature="aaaa(java.lang.String, java.lang.String)[pri:2, instance:com.bank.selenium.A@78ac1102]" name="aaaa" duration-ms="357" started-at="2018-12-19T12:04:11Z" data-provider="testzxc" finished-at="2018-12-19T12:04:12Z">
          <params>
            <param index="0">
              <value>
                <![CDATA[derfff]]>
              </value>
            </param>
            <param index="1">
              <value>
                <![CDATA[dfreed]]>
              </value>
            </param>
          </params>
          <reporter-output>
          </reporter-output>
        </test-method> <!-- aaaa -->
        <test-method status="PASS" signature="closeBrowser()[pri:0, instance:com.bank.selenium.A@78ac1102]" name="closeBrowser" is-config="true" duration-ms="349" started-at="2018-12-19T12:04:12Z" finished-at="2018-12-19T12:04:12Z">
          <reporter-output>
          </reporter-output>
        </test-method> <!-- closeBrowser -->
      </class> <!-- com.bank.selenium.A -->
    </test> <!-- LoginTest -->
  </suite> <!-- Suite -->
</testng-results>
