<?xml version="1.0" encoding="UTF-8"?>
<testng-results skipped="0" failed="0" ignored="0" total="4" passed="4">
  <reporter-output>
  </reporter-output>
  <suite name="Default suite" duration-ms="23434" started-at="2018-12-12T11:32:29Z" finished-at="2018-12-12T11:32:52Z">
    <groups>
    </groups>
    <test name="Default test" duration-ms="23434" started-at="2018-12-12T11:32:29Z" finished-at="2018-12-12T11:32:52Z">
      <class name="com.CheckBox">
        <test-method status="PASS" signature="testCheckbox()[pri:1, instance:com.CheckBox@6093dd95]" name="testCheckbox" duration-ms="22154" started-at="2018-12-12T11:32:29Z" finished-at="2018-12-12T11:32:51Z">
          <reporter-output>
          </reporter-output>
        </test-method> <!-- testCheckbox -->
        <test-method status="PASS" signature="radioButtonTest()[pri:2, instance:com.CheckBox@6093dd95]" name="radioButtonTest" duration-ms="491" started-at="2018-12-12T11:32:51Z" finished-at="2018-12-12T11:32:52Z">
          <reporter-output>
          </reporter-output>
        </test-method> <!-- radioButtonTest -->
        <test-method status="PASS" signature="checkBox()[pri:3, instance:com.CheckBox@6093dd95]" name="checkBox" duration-ms="140" started-at="2018-12-12T11:32:52Z" finished-at="2018-12-12T11:32:52Z">
          <reporter-output>
          </reporter-output>
        </test-method> <!-- checkBox -->
        <test-method status="PASS" signature="selectTest()[pri:4, instance:com.CheckBox@6093dd95]" name="selectTest" duration-ms="556" started-at="2018-12-12T11:32:52Z" finished-at="2018-12-12T11:32:52Z">
          <reporter-output>
          </reporter-output>
        </test-method> <!-- selectTest -->
      </class> <!-- com.CheckBox -->
    </test> <!-- Default test -->
  </suite> <!-- Default suite -->
</testng-results>
