<?xml version="1.0" encoding="UTF-8"?>
<testng-results skipped="0" failed="0" ignored="0" total="7" passed="7">
  <reporter-output>
  </reporter-output>
  <suite name="Suite" duration-ms="37126" started-at="2018-12-24T04:47:21Z" finished-at="2018-12-24T04:47:58Z">
    <groups>
    </groups>
    <test name="Testing" duration-ms="37126" started-at="2018-12-24T04:47:21Z" finished-at="2018-12-24T04:47:58Z">
      <class name="com.test.LoginTest">
        <test-method status="PASS" signature="setUp(java.lang.String)[pri:0, instance:com.test.LoginTest@343f4d3d]" name="setUp" is-config="true" duration-ms="3446" started-at="2018-12-24T04:47:21Z" finished-at="2018-12-24T04:47:24Z">
          <params>
            <param index="0">
              <value>
                <![CDATA[Chrome]]>
              </value>
            </param>
          </params>
          <reporter-output>
          </reporter-output>
        </test-method> <!-- setUp -->
        <test-method status="PASS" signature="testlogin()[pri:1, instance:com.test.LoginTest@343f4d3d]" name="testlogin" duration-ms="11060" started-at="2018-12-24T04:47:24Z" finished-at="2018-12-24T04:47:36Z">
          <reporter-output>
          </reporter-output>
        </test-method> <!-- testlogin -->
        <test-method status="PASS" signature="loginDdt(java.lang.String, java.lang.String)[pri:2, instance:com.test.LoginTest@343f4d3d]" name="loginDdt" duration-ms="2034" started-at="2018-12-24T04:47:36Z" data-provider="testing" finished-at="2018-12-24T04:47:38Z">
          <params>
            <param index="0">
              <value>
                <![CDATA[UserName]]>
              </value>
            </param>
            <param index="1">
              <value>
                <![CDATA[Password]]>
              </value>
            </param>
          </params>
          <reporter-output>
          </reporter-output>
        </test-method> <!-- loginDdt -->
        <test-method status="PASS" signature="loginDdt(java.lang.String, java.lang.String)[pri:2, instance:com.test.LoginTest@343f4d3d]" name="loginDdt" duration-ms="5382" started-at="2018-12-24T04:47:38Z" data-provider="testing" finished-at="2018-12-24T04:47:43Z">
          <params>
            <param index="0">
              <value>
                <![CDATA[mngr13945455]]>
              </value>
            </param>
            <param index="1">
              <value>
                <![CDATA[qwerty1!]]>
              </value>
            </param>
          </params>
          <reporter-output>
          </reporter-output>
        </test-method> <!-- loginDdt -->
        <test-method status="PASS" signature="loginDdt(java.lang.String, java.lang.String)[pri:2, instance:com.test.LoginTest@343f4d3d]" name="loginDdt" duration-ms="3642" started-at="2018-12-24T04:47:43Z" data-provider="testing" finished-at="2018-12-24T04:47:47Z">
          <params>
            <param index="0">
              <value>
                <![CDATA[mngr139454]]>
              </value>
            </param>
            <param index="1">
              <value>
                <![CDATA[asdfg]]>
              </value>
            </param>
          </params>
          <reporter-output>
          </reporter-output>
        </test-method> <!-- loginDdt -->
        <test-method status="PASS" signature="loginDdt(java.lang.String, java.lang.String)[pri:2, instance:com.test.LoginTest@343f4d3d]" name="loginDdt" duration-ms="2602" started-at="2018-12-24T04:47:47Z" data-provider="testing" finished-at="2018-12-24T04:47:49Z">
          <params>
            <param index="0">
              <value>
                <![CDATA[mngr139454]]>
              </value>
            </param>
            <param index="1">
              <value>
                <![CDATA[ads]]>
              </value>
            </param>
          </params>
          <reporter-output>
          </reporter-output>
        </test-method> <!-- loginDdt -->
        <test-method status="PASS" signature="loginDdt(java.lang.String, java.lang.String)[pri:2, instance:com.test.LoginTest@343f4d3d]" name="loginDdt" duration-ms="2428" started-at="2018-12-24T04:47:49Z" data-provider="testing" finished-at="2018-12-24T04:47:52Z">
          <params>
            <param index="0">
              <value>
                <![CDATA[mngr139454]]>
              </value>
            </param>
            <param index="1">
              <value>
                <![CDATA[asdfg]]>
              </value>
            </param>
          </params>
          <reporter-output>
          </reporter-output>
        </test-method> <!-- loginDdt -->
        <test-method status="PASS" signature="loginDdt(java.lang.String, java.lang.String)[pri:2, instance:com.test.LoginTest@343f4d3d]" name="loginDdt" duration-ms="6389" started-at="2018-12-24T04:47:52Z" data-provider="testing" finished-at="2018-12-24T04:47:58Z">
          <params>
            <param index="0">
              <value>
                <![CDATA[mngr139454]]>
              </value>
            </param>
            <param index="1">
              <value>
                <![CDATA[qwerty1!]]>
              </value>
            </param>
          </params>
          <reporter-output>
          </reporter-output>
        </test-method> <!-- loginDdt -->
        <test-method status="PASS" signature="closeBrowser()[pri:0, instance:com.test.LoginTest@343f4d3d]" name="closeBrowser" is-config="true" duration-ms="0" started-at="2018-12-24T04:47:58Z" finished-at="2018-12-24T04:47:58Z">
          <reporter-output>
          </reporter-output>
        </test-method> <!-- closeBrowser -->
      </class> <!-- com.test.LoginTest -->
    </test> <!-- Testing -->
  </suite> <!-- Suite -->
</testng-results>
