<?xml version="1.0" encoding="UTF-8"?>
<!-- Generated by org.testng.reporters.JUnitXMLReporter -->
<testsuite hostname="C100-17" ignored="0" name="Testing" tests="7" failures="0" timestamp="24 Dec 2018 04:47:58 GMT" time="37.126" errors="0">
  <testcase name="testlogin" time="11.06" classname="com.test.LoginTest"/>
  <testcase name="loginDdt" time="2.034" classname="com.test.LoginTest"/>
  <testcase name="loginDdt" time="5.382" classname="com.test.LoginTest"/>
  <testcase name="loginDdt" time="3.642" classname="com.test.LoginTest"/>
  <testcase name="loginDdt" time="2.602" classname="com.test.LoginTest"/>
  <testcase name="loginDdt" time="2.428" classname="com.test.LoginTest"/>
  <testcase name="loginDdt" time="6.389" classname="com.test.LoginTest"/>
</testsuite> <!-- Testing -->
