<?xml version="1.0" encoding="UTF-8"?>
<!-- Generated by org.testng.reporters.JUnitXMLReporter -->
<testsuite hostname="C100-17" ignored="0" name="Add New Customer" tests="4" failures="0" timestamp="18 Dec 2018 09:20:49 GMT" time="19.142" errors="0">
  <testcase name="addNewCustomer" time="6.883" classname="com.bank.selenium.testcases.AddNewCustomerTest"/>
  <testcase name="validateReset" time="1.364" classname="com.bank.selenium.testcases.AddNewCustomerTest"/>
  <testcase name="validateFirstNameTest" time="0.477" classname="com.bank.selenium.testcases.AddNewCustomerTest"/>
  <testcase name="validatePinTest" time="2.156" classname="com.bank.selenium.testcases.AddNewCustomerTest"/>
</testsuite> <!-- Add New Customer -->
