<?xml version="1.0" encoding="UTF-8"?>
<!-- Generated by org.testng.reporters.JUnitXMLReporter -->
<testsuite hostname="C100-17" ignored="0" name="EditCustomer" tests="7" failures="0" timestamp="18 Dec 2018 09:21:16 GMT" time="26.69" errors="0">
  <testcase name="Login" time="2.743" classname="com.bank.selenium.testcases.EditCustomerTest"/>
  <testcase name="editCustomerDdt" time="2.471" classname="com.bank.selenium.testcases.EditCustomerTest"/>
  <testcase name="editCustomerDdt" time="2.969" classname="com.bank.selenium.testcases.EditCustomerTest"/>
  <testcase name="editCustomerDdt" time="2.159" classname="com.bank.selenium.testcases.EditCustomerTest"/>
  <testcase name="editCustomerDdt" time="1.552" classname="com.bank.selenium.testcases.EditCustomerTest"/>
  <testcase name="editCustomerDdt" time="1.988" classname="com.bank.selenium.testcases.EditCustomerTest"/>
  <testcase name="editCustomerDdt" time="1.963" classname="com.bank.selenium.testcases.EditCustomerTest"/>
</testsuite> <!-- EditCustomer -->
