<?xml version="1.0" encoding="UTF-8"?>
<!-- Generated by org.testng.reporters.JUnitXMLReporter -->
<testsuite hostname="C100-17" ignored="0" name="Firefox banktestng" tests="1" failures="1" timestamp="13 Dec 2018 07:17:45 GMT" time="22.365" errors="0">
  <testcase name="testLogin" time="4.892" classname="com.bank.selenium.testcases.LoginTest">
    <failure type="java.lang.NullPointerException">
      <![CDATA[java.lang.NullPointerException
at java.io.File.<init>(File.java:277)
at com.bank.selenium.testcases.BaseClass.getScreenShot(BaseClass.java:80)
at com.bank.selenium.testcases.LoginTest.testLogin(LoginTest.java:52)
... Removed 25 stack frames]]>
    </failure>
  </testcase> <!-- testLogin -->
</testsuite> <!-- Firefox banktestng -->
