<?xml version="1.0" encoding="UTF-8"?>
<!-- Generated by org.testng.reporters.JUnitXMLReporter -->
<testsuite hostname="C100-17" ignored="0" name="Login Data Driven" tests="3" failures="0" timestamp="18 Dec 2018 09:20:30 GMT" time="24.523" errors="0">
  <testcase name="testLoginDDt" time="1.37" classname="com.bank.selenium.testcases.LoginDDTTest"/>
  <testcase name="testLoginDDt" time="3.161" classname="com.bank.selenium.testcases.LoginDDTTest"/>
  <testcase name="testLoginDDt" time="4.704" classname="com.bank.selenium.testcases.LoginDDTTest"/>
</testsuite> <!-- Login Data Driven -->
