<?xml version="1.0" encoding="UTF-8"?>
<!-- Generated by org.testng.reporters.JUnitXMLReporter -->
<testsuite hostname="C100-17" ignored="0" name="new Account" tests="4" failures="0" timestamp="18 Dec 2018 09:21:57 GMT" time="40.769" errors="0">
  <testcase name="resetTest" time="5.54" classname="com.bank.selenium.testcases.NewAccountTest"/>
  <testcase name="withoutEnteringData" time="4.583" classname="com.bank.selenium.testcases.NewAccountTest"/>
  <testcase name="enterCustomerId" time="1.048" classname="com.bank.selenium.testcases.NewAccountTest"/>
  <testcase name="createValidAccount" time="0.584" classname="com.bank.selenium.testcases.NewAccountTest"/>
</testsuite> <!-- new Account -->
