<?xml version="1.0" encoding="UTF-8"?>
<!-- Generated by org.testng.reporters.JUnitXMLReporter -->
<testsuite hostname="C100-17" ignored="0" name=" FirefoxSignUp" tests="1" failures="1" timestamp="16 Nov 2018 10:45:49 GMT" time="12.067" errors="0">
  <testcase name="validLogin" time="1.62" classname="com.testcases.LoginTest">
    <failure type="java.lang.AssertionError" message="expected [true] but found [false]">
      <![CDATA[java.lang.AssertionError: expected [true] but found [false]
at com.testcases.LoginTest.validLogin(LoginTest.java:46)
... Removed 29 stack frames]]>
    </failure>
  </testcase> <!-- validLogin -->
</testsuite> <!--  FirefoxSignUp -->
