<?xml version="1.0" encoding="UTF-8"?>
<!-- Generated by org.testng.reporters.JUnitXMLReporter -->
<testsuite hostname="C100-17" ignored="0" name="FirefoxLogin" tests="1" failures="1" timestamp="19 Nov 2018 06:12:59 GMT" time="12.822" errors="0">
  <testcase name="validLogin" time="0.534" classname="com.testcases.LoginTest">
    <failure type="org.openqa.selenium.UnhandledAlertException" message=": 
Build info: version: &amp;apos;3.4.0&amp;apos;, revision: &amp;apos;unknown&amp;apos;, time: &amp;apos;unknown&amp;apos;
System info: host: &amp;apos;C100-17&amp;apos;, ip: &amp;apos;192.168.100.17&amp;apos;, os.name: &amp;apos;Windows 8.1&amp;apos;, os.arch: &amp;apos;amd64&amp;apos;, os.version: &amp;apos;6.3&amp;apos;, java.version: &amp;apos;1.8.0_25&amp;apos;
Driver info: org.openqa.selenium.remote.RemoteWebDriver
Capabilities [{moz:profile=C:\Users\dkunal\AppData\Local\Temp\rust_mozprofile.OCiDquYxUZ4r, rotatable=false, moz:geckodriverVersion=0.23.0, timeouts={implicit=0.0, pageLoad=300000.0, script=30000.0}, pageLoadStrategy=normal, unhandledPromptBehavior=dismiss and notify, moz:headless=false, platform=ANY, moz:accessibilityChecks=false, moz:useNonSpecCompliantPointerOrigin=false, webdriver.remote.sessionid=c1b78548-dce6-453d-aedf-786d6966dfa8, acceptInsecureCerts=true, browserVersion=63.0, platformVersion=10.0, moz:processID=10556.0, browserName=firefox, javascriptEnabled=true, platformName=windows, setWindowRect=true, moz:webdriverClick=true}]
Session ID: c1b78548-dce6-453d-aedf-786d6966dfa8">
      <![CDATA[org.openqa.selenium.UnhandledAlertException: : 
Build info: version: '3.4.0', revision: 'unknown', time: 'unknown'
System info: host: 'C100-17', ip: '192.168.100.17', os.name: 'Windows 8.1', os.arch: 'amd64', os.version: '6.3', java.version: '1.8.0_25'
Driver info: org.openqa.selenium.remote.RemoteWebDriver
Capabilities [{moz:profile=C:\Users\dkunal\AppData\Local\Temp\rust_mozprofile.OCiDquYxUZ4r, rotatable=false, moz:geckodriverVersion=0.23.0, timeouts={implicit=0.0, pageLoad=300000.0, script=30000.0}, pageLoadStrategy=normal, unhandledPromptBehavior=dismiss and notify, moz:headless=false, platform=ANY, moz:accessibilityChecks=false, moz:useNonSpecCompliantPointerOrigin=false, webdriver.remote.sessionid=c1b78548-dce6-453d-aedf-786d6966dfa8, acceptInsecureCerts=true, browserVersion=63.0, platformVersion=10.0, moz:processID=10556.0, browserName=firefox, javascriptEnabled=true, platformName=windows, setWindowRect=true, moz:webdriverClick=true}]
Session ID: c1b78548-dce6-453d-aedf-786d6966dfa8
at org.openqa.selenium.remote.http.W3CHttpResponseCodec.decode(W3CHttpResponseCodec.java:113)
at org.openqa.selenium.remote.http.W3CHttpResponseCodec.decode(W3CHttpResponseCodec.java:45)
at org.openqa.selenium.remote.HttpCommandExecutor.execute(HttpCommandExecutor.java:164)
at org.openqa.selenium.remote.RemoteWebDriver.execute(RemoteWebDriver.java:637)
at org.openqa.selenium.remote.RemoteWebElement.execute(RemoteWebElement.java:272)
at org.openqa.selenium.remote.RemoteWebElement.click(RemoteWebElement.java:82)
at org.openqa.selenium.support.pagefactory.internal.LocatingElementHandler.invoke(LocatingElementHandler.java:51)
at com.sun.proxy.$Proxy7.click(Unknown Source)
at com.page.LoginPage.clickLogin(LoginPage.java:51)
at com.testcases.LoginTest.validLogin(LoginTest.java:29)
at java.util.concurrent.FutureTask.run(FutureTask.java:266)
at java.util.concurrent.ThreadPoolExecutor.runWorker(ThreadPoolExecutor.java:1142)
at java.util.concurrent.ThreadPoolExecutor$Worker.run(ThreadPoolExecutor.java:617)
at java.lang.Thread.run(Thread.java:745)
... Removed 20 stack frames]]>
    </failure>
  </testcase> <!-- validLogin -->
</testsuite> <!-- FirefoxLogin -->
