<?xml version="1.0" encoding="UTF-8"?>
<!-- Generated by org.testng.reporters.JUnitXMLReporter -->
<testsuite hostname="C100-17" ignored="0" name="SignUp" tests="1" failures="1" timestamp="16 Nov 2018 10:45:37 GMT" time="13.63" errors="0">
  <testcase name="validLogin" time="4.162" classname="com.testcases.LoginTest">
    <failure type="java.lang.AssertionError" message="expected [true] but found [false]">
      <![CDATA[java.lang.AssertionError: expected [true] but found [false]
at com.testcases.LoginTest.validLogin(LoginTest.java:46)
... Removed 29 stack frames]]>
    </failure>
  </testcase> <!-- validLogin -->
</testsuite> <!-- SignUp -->
