<?xml version="1.0" encoding="UTF-8"?>
<testng-results skipped="0" failed="0" ignored="0" total="0" passed="0">
  <reporter-output>
  </reporter-output>
  <suite name="InetBankingV1" duration-ms="17" started-at="2018-12-20T10:36:21Z" finished-at="2018-12-20T10:36:21Z">
    <groups>
    </groups>
    <test name="BankingApp Test" duration-ms="17" started-at="2018-12-20T10:36:21Z" finished-at="2018-12-20T10:36:21Z">
    </test> <!-- BankingApp Test -->
  </suite> <!-- InetBankingV1 -->
</testng-results>
