<?xml version="1.0" encoding="UTF-8"?>
<!-- Generated by org.testng.reporters.JUnitXMLReporter -->
<testsuite hostname="C100-17" ignored="0" name="Data Driven" tests="6" failures="0" timestamp="13 Dec 2018 04:44:45 GMT" time="32.732" errors="0">
  <testcase name="login" time="0.104" classname="com.practice.testcases.LoginDataDrivenTest"/>
  <testcase name="logindata_driver" time="6.606" classname="com.practice.testcases.LoginDataDrivenTest"/>
  <testcase name="logindata_driver" time="3.436" classname="com.practice.testcases.LoginDataDrivenTest"/>
  <testcase name="logindata_driver" time="3.335" classname="com.practice.testcases.LoginDataDrivenTest"/>
  <testcase name="logindata_driver" time="3.394" classname="com.practice.testcases.LoginDataDrivenTest"/>
  <testcase name="logindata_driver" time="6.153" classname="com.practice.testcases.LoginDataDrivenTest"/>
</testsuite> <!-- Data Driven -->
