<?xml version="1.0" encoding="UTF-8"?>
<!-- Generated by org.testng.reporters.JUnitXMLReporter -->
<testsuite hostname="C100-17" ignored="0" name="End2End" tests="11" failures="1" timestamp="13 Dec 2018 04:50:07 GMT" time="139.194" errors="0">
  <testcase name="SignUp" time="29.72" classname="com.practice.testcases.E2ETest"/>
  <testcase name="invalidLogin" time="7.514" classname="com.practice.testcases.E2ETest"/>
  <testcase name="validLogin" time="9.165" classname="com.practice.testcases.E2ETest"/>
  <testcase name="loginDataDriven" time="7.411" classname="com.practice.testcases.E2ETest"/>
  <testcase name="loginDataDriven" time="4.47" classname="com.practice.testcases.E2ETest"/>
  <testcase name="loginDataDriven" time="4.452" classname="com.practice.testcases.E2ETest"/>
  <testcase name="loginDataDriven" time="4.463" classname="com.practice.testcases.E2ETest"/>
  <testcase name="loginDataDriven" time="7.188" classname="com.practice.testcases.E2ETest"/>
  <testcase name="viewProfile" time="41.575" classname="com.practice.testcases.E2ETest"/>
  <testcase name="contact" time="6.937" classname="com.practice.testcases.E2ETest"/>
  <testcase name="verifyListing" time="7.059" classname="com.practice.testcases.E2ETest">
    <failure type="java.lang.AssertionError" message="expected [true] but found [false]">
      <![CDATA[java.lang.AssertionError: expected [true] but found [false]
at com.practice.testcases.ListingTest.verifyListing_lowtohigh(ListingTest.java:121)
at com.practice.testcases.E2ETest.verifyListing(E2ETest.java:145)
... Removed 29 stack frames]]>
    </failure>
  </testcase> <!-- verifyListing -->
</testsuite> <!-- End2End -->
