<?xml version="1.0" encoding="UTF-8"?>
<!-- Generated by org.testng.reporters.JUnitXMLReporter -->
<testsuite hostname="C100-17" ignored="0" name="firefox SignUp" tests="5" failures="0" timestamp="28 Nov 2018 04:54:04 GMT" time="67.998" errors="0">
  <testcase name="without_entering_click_createAccount" time="3.654" classname="com.practice.testcases.SignUpTest"/>
  <testcase name="remove_firstname" time="6.778" classname="com.practice.testcases.SignUpTest"/>
  <testcase name="remove_lasttname" time="6.713" classname="com.practice.testcases.SignUpTest"/>
  <testcase name="remove_email" time="6.7" classname="com.practice.testcases.SignUpTest"/>
  <testcase name="remove_password" time="9.648" classname="com.practice.testcases.SignUpTest"/>
</testsuite> <!-- firefox SignUp -->
