<?xml version="1.0" encoding="UTF-8"?>
<!-- Generated by org.testng.reporters.JUnitXMLReporter -->
<testsuite hostname="C100-17" ignored="0" name="firefox Invalid Login" tests="3" failures="0" timestamp="28 Nov 2018 04:54:26 GMT" time="22.289" errors="0">
  <testcase name="balnk_fields" time="2.64" classname="com.practice.testcases.InvalidLoginTest"/>
  <testcase name="balnk_password_fields" time="2.279" classname="com.practice.testcases.InvalidLoginTest"/>
  <testcase name="balnk_Email_fields" time="5.7" classname="com.practice.testcases.InvalidLoginTest"/>
</testsuite> <!-- firefox Invalid Login -->
