<?xml version="1.0" encoding="UTF-8"?>
<!-- Generated by org.testng.reporters.JUnitXMLReporter -->
<testsuite hostname="C100-17" ignored="0" name="firefox View Profile" tests="7" failures="0" timestamp="28 Nov 2018 04:58:31 GMT" time="36.063" errors="0">
  <testcase name="login" time="0.546" classname="com.practice.testcases.ViewProfileTest"/>
  <testcase name="edit_profile_remove_firstname" time="11.529" classname="com.practice.testcases.ViewProfileTest"/>
  <testcase name="remove_lastName" time="2.665" classname="com.practice.testcases.ViewProfileTest"/>
  <testcase name="remove_mobile" time="2.671" classname="com.practice.testcases.ViewProfileTest"/>
  <testcase name="remove_firstname_withoutfilling_cutrrent_password" time="2.627" classname="com.practice.testcases.ViewProfileTest"/>
  <testcase name="remove_lasname_withoutfilling_cutrrent_password" time="2.624" classname="com.practice.testcases.ViewProfileTest"/>
  <testcase name="remove_mobile_withoutfilling_cutrrent_password" time="2.622" classname="com.practice.testcases.ViewProfileTest"/>
</testsuite> <!-- firefox View Profile -->
