<?xml version="1.0" encoding="UTF-8"?>
<!-- Generated by org.testng.reporters.JUnitXMLReporter -->
<testsuite hostname="C100-17" ignored="0" name="firefox Listing" tests="5" failures="1" timestamp="28 Nov 2018 04:59:10 GMT" time="20.535" errors="0">
  <testcase name="listingpageTest" time="1.253" classname="com.practice.testcases.ListingTest"/>
  <testcase name="verifyListingPageTitle" time="0.03" classname="com.practice.testcases.ListingTest">
    <failure type="java.lang.AssertionError" message="expected [true] but found [false]">
      <![CDATA[java.lang.AssertionError: expected [true] but found [false]
at com.practice.testcases.ListingTest.verifyListingPageTitle(ListingTest.java:62)
... Removed 29 stack frames]]>
    </failure>
  </testcase> <!-- verifyListingPageTitle -->
  <testcase name="verifyListing_Sort" time="1.337" classname="com.practice.testcases.ListingTest"/>
  <testcase name="verifyListing_lowtohigh" time="3.714" classname="com.practice.testcases.ListingTest"/>
  <testcase name="verifyListing_hightolow" time="3.132" classname="com.practice.testcases.ListingTest"/>
</testsuite> <!-- firefox Listing -->
