<?xml version="1.0" encoding="UTF-8"?>
<!-- Generated by org.testng.reporters.JUnitXMLReporter -->
<testsuite hostname="C100-17" ignored="0" name="Firefox Contact " tests="5" failures="0" timestamp="28 Nov 2018 04:58:50 GMT" time="18.28" errors="0">
  <testcase name="verifyConatctPageTitle" time="1.259" classname="com.practice.testcases.ContactTest"/>
  <testcase name="removeName" time="1.437" classname="com.practice.testcases.ContactTest"/>
  <testcase name="removeEmail" time="1.28" classname="com.practice.testcases.ContactTest"/>
  <testcase name="removeMobile" time="1.062" classname="com.practice.testcases.ContactTest"/>
  <testcase name="removeMsg" time="2.053" classname="com.practice.testcases.ContactTest"/>
</testsuite> <!-- Firefox Contact  -->
