<?xml version="1.0" encoding="UTF-8"?>
<!-- Generated by org.testng.reporters.JUnitXMLReporter -->
<testsuite hostname="C100-17" ignored="0" name="Invalid Login" tests="3" failures="0" timestamp="13 Dec 2018 04:43:56 GMT" time="14.899" errors="0">
  <testcase name="balnk_fields" time="2.243" classname="com.practice.testcases.InvalidLoginTest"/>
  <testcase name="balnk_password_fields" time="2.212" classname="com.practice.testcases.InvalidLoginTest"/>
  <testcase name="balnk_Email_fields" time="2.707" classname="com.practice.testcases.InvalidLoginTest"/>
</testsuite> <!-- Invalid Login -->
