<?xml version="1.0" encoding="UTF-8"?>
<!-- Generated by org.testng.reporters.JUnitXMLReporter -->
<testsuite hostname="C100-17" ignored="0" name="Listing" tests="5" failures="2" timestamp="13 Dec 2018 04:47:48 GMT" time="24.291" errors="0">
  <testcase name="listingpageTest" time="1.837" classname="com.practice.testcases.ListingTest"/>
  <testcase name="verifyListingPageTitle" time="0.041" classname="com.practice.testcases.ListingTest"/>
  <testcase name="verifyListing_Sort" time="1.41" classname="com.practice.testcases.ListingTest"/>
  <testcase name="verifyListing_lowtohigh" time="3.53" classname="com.practice.testcases.ListingTest">
    <failure type="java.lang.AssertionError" message="expected [true] but found [false]">
      <![CDATA[java.lang.AssertionError: expected [true] but found [false]
at com.practice.testcases.ListingTest.verifyListing_lowtohigh(ListingTest.java:121)
... Removed 29 stack frames]]>
    </failure>
  </testcase> <!-- verifyListing_lowtohigh -->
  <testcase name="verifyListing_hightolow" time="2.968" classname="com.practice.testcases.ListingTest">
    <failure type="java.lang.AssertionError" message="expected [true] but found [false]">
      <![CDATA[java.lang.AssertionError: expected [true] but found [false]
at com.practice.testcases.ListingTest.verifyListing_hightolow(ListingTest.java:156)
... Removed 29 stack frames]]>
    </failure>
  </testcase> <!-- verifyListing_hightolow -->
</testsuite> <!-- Listing -->
