<?xml version="1.0" encoding="UTF-8"?>
<!-- Generated by org.testng.reporters.JUnitXMLReporter -->
<testsuite hostname="C100-17" ignored="0" name="View Profile Data Driven" tests="6" failures="0" timestamp="13 Dec 2018 04:46:27 GMT" time="101.393" errors="0">
  <testcase name="viewprofile_login" time="2.089" classname="com.practice.testcases.ViewProfileDatadrivenTest"/>
  <testcase name="viewprofile_datadriven" time="30.491" classname="com.practice.testcases.ViewProfileDatadrivenTest"/>
  <testcase name="viewprofile_datadriven" time="11.383" classname="com.practice.testcases.ViewProfileDatadrivenTest"/>
  <testcase name="viewprofile_datadriven" time="11.325" classname="com.practice.testcases.ViewProfileDatadrivenTest"/>
  <testcase name="viewprofile_datadriven" time="11.343" classname="com.practice.testcases.ViewProfileDatadrivenTest"/>
  <testcase name="viewprofile_datadriven" time="20.286" classname="com.practice.testcases.ViewProfileDatadrivenTest"/>
</testsuite> <!-- View Profile Data Driven -->
