<?xml version="1.0" encoding="UTF-8"?>
<!-- Generated by org.testng.reporters.JUnitXMLReporter -->
<testsuite hostname="C100-17" ignored="0" name="View Profile " tests="7" failures="0" timestamp="13 Dec 2018 04:47:10 GMT" time="42.971" errors="0">
  <testcase name="login" time="0.512" classname="com.practice.testcases.ViewProfileTest"/>
  <testcase name="edit_profile_remove_firstname" time="18.848" classname="com.practice.testcases.ViewProfileTest"/>
  <testcase name="remove_lastName" time="2.833" classname="com.practice.testcases.ViewProfileTest"/>
  <testcase name="remove_mobile" time="2.899" classname="com.practice.testcases.ViewProfileTest"/>
  <testcase name="remove_firstname_withoutfilling_cutrrent_password" time="2.683" classname="com.practice.testcases.ViewProfileTest"/>
  <testcase name="remove_lasname_withoutfilling_cutrrent_password" time="2.685" classname="com.practice.testcases.ViewProfileTest"/>
  <testcase name="remove_mobile_withoutfilling_cutrrent_password" time="2.791" classname="com.practice.testcases.ViewProfileTest"/>
</testsuite> <!-- View Profile  -->
